[0m00:40:31.243024 [debug] [MainThread]: Sending event: {'category': 'dbt', 'action': 'invocation', 'label': 'start', 'context': [<snowplow_tracker.self_describing_json.SelfDescribingJson object at 0x000001AB12D2EE50>, <snowplow_tracker.self_describing_json.SelfDescribingJson object at 0x000001AB12C6AFD0>, <snowplow_tracker.self_describing_json.SelfDescribingJson object at 0x000001AB0F46F8D0>]}


============================== 00:40:31.258732 | f4e32330-6f03-4a27-8dd8-ed04f38ffc8f ==============================
[0m00:40:31.258732 [info ] [MainThread]: Running with dbt=1.11.11
[0m00:40:31.258732 [debug] [MainThread]: running dbt with arguments {'version_check': 'True', 'no_print': 'None', 'static_parser': 'True', 'target_path': 'None', 'warn_error_options': 'WarnErrorOptionsV2(error=[], warn=[], silence=[])', 'printer_width': '80', 'write_json': 'True', 'introspect': 'True', 'log_cache_events': 'False', 'empty': 'None', 'cache_selected_only': 'False', 'log_format': 'default', 'debug': 'False', 'fail_fast': 'False', 'profiles_dir': 'C:\\Users\\35846\\.dbt', 'send_anonymous_usage_stats': 'True', 'quiet': 'False', 'warn_error': 'None', 'partial_parse': 'True', 'indirect_selection': 'eager', 'use_colors': 'True', 'invocation_command': 'dbt init helsinki_dbt', 'use_experimental_parser': 'False', 'log_path': 'logs'}
[0m00:40:31.284842 [info ] [MainThread]: Creating dbt configuration folder at C:\Users\35846\.dbt
[0m00:40:31.289082 [debug] [MainThread]: Starter project path: C:\Users\35846\helsinki-mobility-stack\venv\Lib\site-packages\dbt\include\starter_project
[0m00:40:31.355362 [info ] [MainThread]: 
Your new dbt project "helsinki_dbt" was created!

For more information on how to configure the profiles.yml file,
please consult the dbt documentation here:

  https://docs.getdbt.com/docs/configure-your-profile

One more thing:

Need help? Don't hesitate to reach out to us via GitHub issues or on Slack:

  https://community.getdbt.com/

Happy modeling!

[0m00:40:31.355362 [info ] [MainThread]: Setting up your profile.
[0m00:42:07.003776 [info ] [MainThread]: Profile helsinki_dbt written to C:\Users\35846\.dbt\profiles.yml using target's sample configuration. Once updated, you'll be able to start developing with dbt.
[0m00:42:07.003776 [debug] [MainThread]: Command `dbt init` succeeded at 00:42:07.003776 after 95.87 seconds
[0m00:42:07.003776 [debug] [MainThread]: Sending event: {'category': 'dbt', 'action': 'invocation', 'label': 'end', 'context': [<snowplow_tracker.self_describing_json.SelfDescribingJson object at 0x000001AB12D39890>, <snowplow_tracker.self_describing_json.SelfDescribingJson object at 0x000001AB0F47DCD0>, <snowplow_tracker.self_describing_json.SelfDescribingJson object at 0x000001AB129CEBD0>]}
[0m00:42:07.003776 [debug] [MainThread]: Flushing usage events
[0m00:42:07.540734 [debug] [MainThread]: An error was encountered while trying to flush usage events
[0m00:50:08.119833 [debug] [MainThread]: Sending event: {'category': 'dbt', 'action': 'invocation', 'label': 'start', 'context': [<snowplow_tracker.self_describing_json.SelfDescribingJson object at 0x00000143AE3EBC10>, <snowplow_tracker.self_describing_json.SelfDescribingJson object at 0x00000143AF3F2050>, <snowplow_tracker.self_describing_json.SelfDescribingJson object at 0x00000143AE33D5D0>]}


============================== 00:50:08.122732 | 24122a6f-2673-4851-ba14-47dab2ec2c5d ==============================
[0m00:50:08.122732 [info ] [MainThread]: Running with dbt=1.11.11
[0m00:50:08.126788 [debug] [MainThread]: running dbt with arguments {'version_check': 'True', 'no_print': 'None', 'static_parser': 'True', 'warn_error_options': 'WarnErrorOptionsV2(error=[], warn=[], silence=[])', 'target_path': 'None', 'printer_width': '80', 'write_json': 'True', 'empty': 'None', 'log_cache_events': 'False', 'introspect': 'True', 'cache_selected_only': 'False', 'fail_fast': 'False', 'debug': 'False', 'log_format': 'default', 'partial_parse': 'True', 'send_anonymous_usage_stats': 'True', 'quiet': 'False', 'warn_error': 'None', 'profiles_dir': 'C:\\Users\\35846\\.dbt', 'indirect_selection': 'eager', 'use_colors': 'True', 'invocation_command': 'dbt init helsinki_dbt', 'use_experimental_parser': 'False', 'log_path': 'logs'}
[0m00:50:08.159328 [info ] [MainThread]: A project called helsinki_dbt already exists here.
[0m00:50:08.160340 [debug] [MainThread]: Command `dbt init` succeeded at 00:50:08.160340 after 0.19 seconds
[0m00:50:08.161353 [debug] [MainThread]: Sending event: {'category': 'dbt', 'action': 'invocation', 'label': 'end', 'context': [<snowplow_tracker.self_describing_json.SelfDescribingJson object at 0x00000143AE32AC90>, <snowplow_tracker.self_describing_json.SelfDescribingJson object at 0x00000143AE3F9450>, <snowplow_tracker.self_describing_json.SelfDescribingJson object at 0x00000143A790DB50>]}
[0m00:50:08.162212 [debug] [MainThread]: Flushing usage events
[0m00:50:08.703237 [debug] [MainThread]: An error was encountered while trying to flush usage events
